{"numFailedTestSuites":0,"numFailedTests":0,"numPassedTestSuites":31,"numPassedTests":60,"numPendingTestSuites":0,"numPendingTests":0,"numRuntimeErrorTestSuites":0,"numTodoTests":0,"numTotalTestSuites":31,"numTotalTests":60,"openHandles":[],"snapshot":{"added":0,"didUpdate":false,"failure":false,"filesAdded":0,"filesRemoved":0,"filesRemovedList":[],"filesUnmatched":0,"filesUpdated":0,"matched":0,"total":0,"unchecked":0,"uncheckedKeysByFile":[],"unmatched":0,"updated":0},"startTime":1676578279791,"success":true,"testResults":[{"assertionResults":[{"ancestorTitles":["BasicModal"],"duration":154,"failureMessages":[],"fullName":"BasicModal should create a modal dialog","location":null,"status":"passed","title":"should create a modal dialog"},{"ancestorTitles":["BasicModal"],"duration":68,"failureMessages":[],"fullName":"BasicModal should fire a callback on close","location":null,"status":"passed","title":"should fire a callback on close"}],"endTime":1676578285322,"message":"","name":"/Users/bmason/code/epo-react-lib/packages/epo-react-lib/src/layout/BasicModal/BasicModal.test.tsx","startTime":1676578280534,"status":"passed","summary":""},{"assertionResults":[{"ancestorTitles":[],"duration":77,"failureMessages":[],"fullName":"should attach url to src","location":null,"status":"passed","title":"should attach url to src"},{"ancestorTitles":[],"duration":31,"failureMessages":[],"fullName":"should have accessible naming","location":null,"status":"passed","title":"should have accessible naming"},{"ancestorTitles":[],"duration":29,"failureMessages":[],"fullName":"should have width and height attached","location":null,"status":"passed","title":"should have width and height attached"}],"endTime":1676578285658,"message":"","name":"/Users/bmason/code/epo-react-lib/packages/epo-react-lib/src/atomic/Image/Image.test.tsx","startTime":1676578280544,"status":"passed","summary":""},{"assertionResults":[{"ancestorTitles":["CopyUrlButton"],"duration":104,"failureMessages":[],"fullName":"CopyUrlButton copies URL to the clipboard","location":null,"status":"passed","title":"copies URL to the clipboard"},{"ancestorTitles":["CopyUrlButton"],"duration":5,"failureMessages":[],"fullName":"CopyUrlButton renders screenreader text","location":null,"status":"passed","title":"renders screenreader text"},{"ancestorTitles":["CopyUrlButton"],"duration":21,"failureMessages":[],"fullName":"CopyUrlButton renders icon","location":null,"status":"passed","title":"renders icon"}],"endTime":1676578285788,"message":"","name":"/Users/bmason/code/epo-react-lib/packages/epo-react-lib/src/atomic/Share/CopyUrlButton.test.tsx","startTime":1676578280529,"status":"passed","summary":""},{"assertionResults":[{"ancestorTitles":["ComplexTable"],"duration":118,"failureMessages":[],"fullName":"ComplexTable should create a table with a caption","location":null,"status":"passed","title":"should create a table with a caption"},{"ancestorTitles":["ComplexTable"],"duration":29,"failureMessages":[],"fullName":"ComplexTable should render rows","location":null,"status":"passed","title":"should render rows"}],"endTime":1676578285790,"message":"","name":"/Users/bmason/code/epo-react-lib/packages/epo-react-lib/src/content-blocks/ComplexTable/ComplexTable.test.tsx","startTime":1676578280527,"status":"passed","summary":""},{"assertionResults":[{"ancestorTitles":["HorizontalSlider"],"duration":113,"failureMessages":[],"fullName":"HorizontalSlider Creates an accessible slider","location":null,"status":"passed","title":"Creates an accessible slider"},{"ancestorTitles":["HorizontalSlider"],"duration":27,"failureMessages":[],"fullName":"HorizontalSlider Displays a double handled slider","location":null,"status":"passed","title":"Displays a double handled slider"}],"endTime":1676578285838,"message":"","name":"/Users/bmason/code/epo-react-lib/packages/epo-react-lib/src/form/HorizontalSlider/HorizontalSlider.test.tsx","startTime":1676578280528,"status":"passed","summary":""},{"assertionResults":[{"ancestorTitles":[],"duration":65,"failureMessages":[],"fullName":"renders summary text and details","location":null,"status":"passed","title":"renders summary text and details"},{"ancestorTitles":[],"duration":6,"failureMessages":[],"fullName":"renders opens on click","location":null,"status":"passed","title":"renders opens on click"},{"ancestorTitles":[],"duration":13,"failureMessages":[],"fullName":"renders closes on second click","location":null,"status":"passed","title":"renders closes on second click"}],"endTime":1676578285890,"message":"","name":"/Users/bmason/code/epo-react-lib/packages/epo-react-lib/src/atomic/Accordion/Accordion.test.tsx","startTime":1676578285418,"status":"passed","summary":""},{"assertionResults":[{"ancestorTitles":["Carousel layout"],"duration":153,"failureMessages":[],"fullName":"Carousel layout renders child slides, starting with first slide","location":null,"status":"passed","title":"renders child slides, starting with first slide"},{"ancestorTitles":["Carousel layout"],"duration":20,"failureMessages":[],"fullName":"Carousel layout changes slides after clicking next","location":null,"status":"passed","title":"changes slides after clicking next"}],"endTime":1676578286015,"message":"","name":"/Users/bmason/code/epo-react-lib/packages/epo-react-lib/src/layout/Carousel/Carousel.test.tsx","startTime":1676578280533,"status":"passed","summary":""},{"assertionResults":[{"ancestorTitles":["SimpleTable"],"duration":399,"failureMessages":[],"fullName":"SimpleTable should create a description list","location":null,"status":"passed","title":"should create a description list"},{"ancestorTitles":["SimpleTable"],"duration":91,"failureMessages":[],"fullName":"SimpleTable should render a list item for each row","location":null,"status":"passed","title":"should render a list item for each row"}],"endTime":1676578286120,"message":"","name":"/Users/bmason/code/epo-react-lib/packages/epo-react-lib/src/content-blocks/SimpleTable/SimpleTable.test.tsx","startTime":1676578280527,"status":"passed","summary":""},{"assertionResults":[{"ancestorTitles":[],"duration":44,"failureMessages":[],"fullName":"should pass a color prop to the swatch","location":null,"status":"passed","title":"should pass a color prop to the swatch"},{"ancestorTitles":[],"duration":4,"failureMessages":[],"fullName":"should include screenreader text","location":null,"status":"passed","title":"should include screenreader text"}],"endTime":1676578286172,"message":"","name":"/Users/bmason/code/epo-react-lib/packages/epo-react-lib/src/atomic/ColorSwatch/ColorSwatch.test.tsx","startTime":1676578285817,"status":"passed","summary":""},{"assertionResults":[{"ancestorTitles":["Select"],"duration":73,"failureMessages":[],"fullName":"Select Inherits option props as select options","location":null,"status":"passed","title":"Inherits option props as select options"},{"ancestorTitles":["Select"],"duration":34,"failureMessages":[],"fullName":"Select Adds empty option if inherited","location":null,"status":"passed","title":"Adds empty option if inherited"}],"endTime":1676578286252,"message":"","name":"/Users/bmason/code/epo-react-lib/packages/epo-react-lib/src/form/Select/Select.test.tsx","startTime":1676578285902,"status":"passed","summary":""},{"assertionResults":[{"ancestorTitles":["Input"],"duration":38,"failureMessages":[],"fullName":"Input Inherits attr-shaped props as attrs","location":null,"status":"passed","title":"Inherits attr-shaped props as attrs"},{"ancestorTitles":["Input"],"duration":32,"failureMessages":[],"fullName":"Input Renders toggle icon","location":null,"status":"passed","title":"Renders toggle icon"},{"ancestorTitles":["Input"],"duration":27,"failureMessages":[],"fullName":"Input Toggles password display","location":null,"status":"passed","title":"Toggles password display"}],"endTime":1676578286283,"message":"","name":"/Users/bmason/code/epo-react-lib/packages/epo-react-lib/src/form/Input/patterns/Password/Password.test.tsx","startTime":1676578285810,"status":"passed","summary":""},{"assertionResults":[{"ancestorTitles":["FormField"],"duration":23,"failureMessages":[],"fullName":"FormField should label input element","location":null,"status":"passed","title":"should label input element"},{"ancestorTitles":["FormField"],"duration":37,"failureMessages":[],"fullName":"FormField should attach error message","location":null,"status":"passed","title":"should attach error message"}],"endTime":1676578286340,"message":"","name":"/Users/bmason/code/epo-react-lib/packages/epo-react-lib/src/form/FormField/FormField.test.tsx","startTime":1676578285864,"status":"passed","summary":""},{"assertionResults":[{"ancestorTitles":["Container"],"duration":49,"failureMessages":[],"fullName":"Container passes attrs","location":null,"status":"passed","title":"passes attrs"}],"endTime":1676578286434,"message":"","name":"/Users/bmason/code/epo-react-lib/packages/epo-react-lib/src/layout/Container/Container.test.tsx","startTime":1676578285689,"status":"passed","summary":""},{"assertionResults":[{"ancestorTitles":["CircularLoader"],"duration":46,"failureMessages":[],"fullName":"CircularLoader Creates an accessible loader","location":null,"status":"passed","title":"Creates an accessible loader"},{"ancestorTitles":["CircularLoader"],"duration":22,"failureMessages":[],"fullName":"CircularLoader Is visible based on props","location":null,"status":"passed","title":"Is visible based on props"}],"endTime":1676578286552,"message":"","name":"/Users/bmason/code/epo-react-lib/packages/epo-react-lib/src/atomic/CircularLoader/CircularLoader.test.tsx","startTime":1676578286142,"status":"passed","summary":""},{"assertionResults":[{"ancestorTitles":[],"duration":70,"failureMessages":[],"fullName":"reflects expanded and collapsed states","location":null,"status":"passed","title":"reflects expanded and collapsed states"},{"ancestorTitles":[],"duration":12,"failureMessages":[],"fullName":"renders controls id","location":null,"status":"passed","title":"renders controls id"},{"ancestorTitles":[],"duration":2,"failureMessages":[],"fullName":"hides button visually and to screenreaders","location":null,"status":"passed","title":"hides button visually and to screenreaders"},{"ancestorTitles":[],"duration":9,"failureMessages":[],"fullName":"performs toggle callback on click","location":null,"status":"passed","title":"performs toggle callback on click"}],"endTime":1676578286601,"message":"","name":"/Users/bmason/code/epo-react-lib/packages/epo-react-lib/src/atomic/ExpandToggle/ExpandToggle.test.tsx","startTime":1676578286192,"status":"passed","summary":""},{"assertionResults":[{"ancestorTitles":["Button"],"duration":13,"failureMessages":[],"fullName":"Button Renders text","location":null,"status":"passed","title":"Renders text"},{"ancestorTitles":["Button"],"duration":2,"failureMessages":[],"fullName":"Button Inherits attr-shaped props as attrs","location":null,"status":"passed","title":"Inherits attr-shaped props as attrs"},{"ancestorTitles":["Button"],"duration":20,"failureMessages":[],"fullName":"Button Renders icon","location":null,"status":"passed","title":"Renders icon"}],"endTime":1676578286613,"message":"","name":"/Users/bmason/code/epo-react-lib/packages/epo-react-lib/src/atomic/Button/Button.test.tsx","startTime":1676578286267,"status":"passed","summary":""},{"assertionResults":[{"ancestorTitles":["MasonryGrid"],"duration":114,"failureMessages":[],"fullName":"MasonryGrid renders children","location":null,"status":"passed","title":"renders children"},{"ancestorTitles":["MasonryGrid"],"duration":15,"failureMessages":[],"fullName":"MasonryGrid renders videos with play icon","location":null,"status":"passed","title":"renders videos with play icon"}],"endTime":1676578286627,"message":"","name":"/Users/bmason/code/epo-react-lib/packages/epo-react-lib/src/layout/MasonryGrid/MasonryGrid.test.tsx","startTime":1676578286043,"status":"passed","summary":""},{"assertionResults":[{"ancestorTitles":[],"duration":29,"failureMessages":[],"fullName":"should contain href and external link attrs","location":null,"status":"passed","title":"should contain href and external link attrs"},{"ancestorTitles":[],"duration":13,"failureMessages":[],"fullName":"should contain href and no external link attrs","location":null,"status":"passed","title":"should contain href and no external link attrs"}],"endTime":1676578286701,"message":"","name":"/Users/bmason/code/epo-react-lib/packages/epo-react-lib/src/atomic/MixedLink/MixedLink.test.tsx","startTime":1676578286353,"status":"passed","summary":""},{"assertionResults":[{"ancestorTitles":["EmailButton"],"duration":41,"failureMessages":[],"fullName":"EmailButton renders screenreader text","location":null,"status":"passed","title":"renders screenreader text"},{"ancestorTitles":["EmailButton"],"duration":55,"failureMessages":[],"fullName":"EmailButton renders icon","location":null,"status":"passed","title":"renders icon"}],"endTime":1676578286688,"message":"","name":"/Users/bmason/code/epo-react-lib/packages/epo-react-lib/src/atomic/Share/EmailButton.test.tsx","startTime":1676578286302,"status":"passed","summary":""},{"assertionResults":[{"ancestorTitles":["FacebookButton"],"duration":36,"failureMessages":[],"fullName":"FacebookButton renders screenreader text","location":null,"status":"passed","title":"renders screenreader text"},{"ancestorTitles":["FacebookButton"],"duration":15,"failureMessages":[],"fullName":"FacebookButton renders icon","location":null,"status":"passed","title":"renders icon"}],"endTime":1676578286937,"message":"","name":"/Users/bmason/code/epo-react-lib/packages/epo-react-lib/src/atomic/Share/FacebookButton.test.tsx","startTime":1676578286450,"status":"passed","summary":""},{"assertionResults":[{"ancestorTitles":["Switch"],"duration":44,"failureMessages":[],"fullName":"Switch Inherits attr-shaped props as attrs","location":null,"status":"passed","title":"Inherits attr-shaped props as attrs"}],"endTime":1676578286971,"message":"","name":"/Users/bmason/code/epo-react-lib/packages/epo-react-lib/src/form/Switch/Switch.test.tsx","startTime":1676578286574,"status":"passed","summary":""},{"assertionResults":[{"ancestorTitles":[],"duration":33,"failureMessages":[],"fullName":"attaches the video URL correctly","location":null,"status":"passed","title":"attaches the video URL correctly"}],"endTime":1676578287101,"message":"","name":"/Users/bmason/code/epo-react-lib/packages/epo-react-lib/src/atomic/Video/Video.test.tsx","startTime":1676578286744,"status":"passed","summary":""},{"assertionResults":[{"ancestorTitles":["Input"],"duration":48,"failureMessages":[],"fullName":"Input Inherits attr-shaped props as attrs","location":null,"status":"passed","title":"Inherits attr-shaped props as attrs"}],"endTime":1676578287123,"message":"","name":"/Users/bmason/code/epo-react-lib/packages/epo-react-lib/src/form/Input/Input.test.tsx","startTime":1676578286616,"status":"passed","summary":""},{"assertionResults":[{"ancestorTitles":["FormButtons"],"duration":72,"failureMessages":[],"fullName":"FormButtons Renders children in layout","location":null,"status":"passed","title":"Renders children in layout"}],"endTime":1676578287136,"message":"","name":"/Users/bmason/code/epo-react-lib/packages/epo-react-lib/src/form/FormButtons/FormButtons.test.tsx","startTime":1676578286646,"status":"passed","summary":""},{"assertionResults":[{"ancestorTitles":["Buttonish"],"duration":87,"failureMessages":[],"fullName":"Buttonish Renders text and url","location":null,"status":"passed","title":"Renders text and url"},{"ancestorTitles":["Buttonish"],"duration":19,"failureMessages":[],"fullName":"Buttonish Inherits attr-shaped props as attrs","location":null,"status":"passed","title":"Inherits attr-shaped props as attrs"}],"endTime":1676578287336,"message":"","name":"/Users/bmason/code/epo-react-lib/packages/epo-react-lib/src/atomic/Buttonish/Buttonish.test.tsx","startTime":1676578286678,"status":"passed","summary":""},{"assertionResults":[{"ancestorTitles":["TwitterButton"],"duration":82,"failureMessages":[],"fullName":"TwitterButton renders screenreader text","location":null,"status":"passed","title":"renders screenreader text"},{"ancestorTitles":["TwitterButton"],"duration":38,"failureMessages":[],"fullName":"TwitterButton renders icon","location":null,"status":"passed","title":"renders icon"}],"endTime":1676578287338,"message":"","name":"/Users/bmason/code/epo-react-lib/packages/epo-react-lib/src/atomic/Share/TwitterButton.test.tsx","startTime":1676578286767,"status":"passed","summary":""},{"assertionResults":[{"ancestorTitles":[],"duration":25,"failureMessages":[],"fullName":"should render caption if present","location":null,"status":"passed","title":"should render caption if present"}],"endTime":1676578287348,"message":"","name":"/Users/bmason/code/epo-react-lib/packages/epo-react-lib/src/atomic/Figure/Figure.test.tsx","startTime":1676578287002,"status":"passed","summary":""},{"assertionResults":[{"ancestorTitles":[],"duration":18,"failureMessages":[],"fullName":"should render error message","location":null,"status":"passed","title":"should render error message"},{"ancestorTitles":[],"duration":2,"failureMessages":[],"fullName":"should include screen reader text","location":null,"status":"passed","title":"should include screen reader text"}],"endTime":1676578287364,"message":"","name":"/Users/bmason/code/epo-react-lib/packages/epo-react-lib/src/form/Error/Error.test.tsx","startTime":1676578286997,"status":"passed","summary":""},{"assertionResults":[{"ancestorTitles":[],"duration":25,"failureMessages":[],"fullName":"should contain href","location":null,"status":"passed","title":"should contain href"}],"endTime":1676578287477,"message":"","name":"/Users/bmason/code/epo-react-lib/packages/epo-react-lib/src/atomic/Link/Link.test.tsx","startTime":1676578287212,"status":"passed","summary":""},{"assertionResults":[{"ancestorTitles":[],"duration":12,"failureMessages":[],"fullName":"should contain an SVG if a valid icon is selected","location":null,"status":"passed","title":"should contain an SVG if a valid icon is selected"}],"endTime":1676578287480,"message":"","name":"/Users/bmason/code/epo-react-lib/packages/epo-react-lib/src/svg/IconComposer/IconComposer.test.tsx","startTime":1676578287190,"status":"passed","summary":""},{"assertionResults":[{"ancestorTitles":[],"duration":27,"failureMessages":[],"fullName":"should contain href","location":null,"status":"passed","title":"should contain href"}],"endTime":1676578287494,"message":"","name":"/Users/bmason/code/epo-react-lib/packages/epo-react-lib/src/atomic/ExternalLink/ExternalLink.test.tsx","startTime":1676578287280,"status":"passed","summary":""}],"wasInterrupted":false}