{"numFailedTestSuites":0,"numFailedTests":0,"numPassedTestSuites":37,"numPassedTests":89,"numPendingTestSuites":0,"numPendingTests":0,"numRuntimeErrorTestSuites":0,"numTodoTests":0,"numTotalTestSuites":37,"numTotalTests":89,"openHandles":[],"snapshot":{"added":0,"didUpdate":false,"failure":false,"filesAdded":0,"filesRemoved":0,"filesRemovedList":[],"filesUnmatched":0,"filesUpdated":0,"matched":0,"total":0,"unchecked":0,"uncheckedKeysByFile":[],"unmatched":0,"updated":0},"startTime":1715799959862,"success":true,"testResults":[{"assertionResults":[{"ancestorTitles":["Select"],"duration":70,"failureDetails":[],"failureMessages":[],"fullName":"Select Inherits option props as select options","invocations":1,"location":null,"numPassingAsserts":1,"retryReasons":[],"status":"passed","title":"Inherits option props as select options"},{"ancestorTitles":["Select"],"duration":10,"failureDetails":[],"failureMessages":[],"fullName":"Select Adds option groups if set","invocations":1,"location":null,"numPassingAsserts":1,"retryReasons":[],"status":"passed","title":"Adds option groups if set"},{"ancestorTitles":["Select"],"duration":15,"failureDetails":[],"failureMessages":[],"fullName":"Select Adds empty option if inherited","invocations":1,"location":null,"numPassingAsserts":1,"retryReasons":[],"status":"passed","title":"Adds empty option if inherited"}],"endTime":1715799962690,"message":"","name":"/Users/agoff/Documents/workspace/epo-react-lib/packages/epo-react-lib/src/form/Select/Select.test.tsx","startTime":1715799960296,"status":"passed","summary":""},{"assertionResults":[{"ancestorTitles":["HorizontalSlider"],"duration":46,"failureDetails":[],"failureMessages":[],"fullName":"HorizontalSlider Creates an accessible slider","invocations":1,"location":null,"numPassingAsserts":5,"retryReasons":[],"status":"passed","title":"Creates an accessible slider"},{"ancestorTitles":["HorizontalSlider"],"duration":16,"failureDetails":[],"failureMessages":[],"fullName":"HorizontalSlider Displays a double handled slider","invocations":1,"location":null,"numPassingAsserts":2,"retryReasons":[],"status":"passed","title":"Displays a double handled slider"},{"ancestorTitles":["HorizontalSlider"],"duration":18,"failureDetails":[],"failureMessages":[],"fullName":"HorizontalSlider Performs a callback when the value is changed","invocations":1,"location":null,"numPassingAsserts":0,"retryReasons":[],"status":"passed","title":"Performs a callback when the value is changed"},{"ancestorTitles":["HorizontalSlider"],"duration":5,"failureDetails":[],"failureMessages":[],"fullName":"HorizontalSlider Should use a default color for invalid or transparent tracks","invocations":1,"location":null,"numPassingAsserts":2,"retryReasons":[],"status":"passed","title":"Should use a default color for invalid or transparent tracks"},{"ancestorTitles":["HorizontalSlider"],"duration":6,"failureDetails":[],"failureMessages":[],"fullName":"HorizontalSlider Disable the slider","invocations":1,"location":null,"numPassingAsserts":1,"retryReasons":[],"status":"passed","title":"Disable the slider"}],"endTime":1715799962786,"message":"","name":"/Users/agoff/Documents/workspace/epo-react-lib/packages/epo-react-lib/src/form/HorizontalSlider/HorizontalSlider.test.tsx","startTime":1715799960296,"status":"passed","summary":""},{"assertionResults":[{"ancestorTitles":["ProgressRadial"],"duration":19,"failureDetails":[],"failureMessages":[],"fullName":"ProgressRadial should bind min, max, and value to ARIA attributes","invocations":1,"location":null,"numPassingAsserts":3,"retryReasons":[],"status":"passed","title":"should bind min, max, and value to ARIA attributes"},{"ancestorTitles":["ProgressRadial"],"duration":4,"failureDetails":[],"failureMessages":[],"fullName":"ProgressRadial should display an alternate value if provided","invocations":1,"location":null,"numPassingAsserts":2,"retryReasons":[],"status":"passed","title":"should display an alternate value if provided"},{"ancestorTitles":["ProgressRadial"],"duration":7,"failureDetails":[],"failureMessages":[],"fullName":"ProgressRadial should keep the value within the min and max","invocations":1,"location":null,"numPassingAsserts":1,"retryReasons":[],"status":"passed","title":"should keep the value within the min and max"},{"ancestorTitles":["ProgressRadial"],"duration":8,"failureDetails":[],"failureMessages":[],"fullName":"ProgressRadial should be labelled by other elements","invocations":1,"location":null,"numPassingAsserts":1,"retryReasons":[],"status":"passed","title":"should be labelled by other elements"}],"endTime":1715799962949,"message":"","name":"/Users/agoff/Documents/workspace/epo-react-lib/packages/epo-react-lib/src/atomic/Progress/Radial/ProgressRadial.test.tsx","startTime":1715799962700,"status":"passed","summary":""},{"assertionResults":[{"ancestorTitles":[],"duration":37,"failureDetails":[],"failureMessages":[],"fullName":"should contain href","invocations":1,"location":null,"numPassingAsserts":2,"retryReasons":[],"status":"passed","title":"should contain href"}],"endTime":1715799963032,"message":"","name":"/Users/agoff/Documents/workspace/epo-react-lib/packages/epo-react-lib/src/atomic/Link/Link.test.tsx","startTime":1715799962800,"status":"passed","summary":""},{"assertionResults":[{"ancestorTitles":[],"duration":23,"failureDetails":[],"failureMessages":[],"fullName":"reflects expanded and collapsed states","invocations":1,"location":null,"numPassingAsserts":2,"retryReasons":[],"status":"passed","title":"reflects expanded and collapsed states"},{"ancestorTitles":[],"duration":4,"failureDetails":[],"failureMessages":[],"fullName":"renders controls id","invocations":1,"location":null,"numPassingAsserts":1,"retryReasons":[],"status":"passed","title":"renders controls id"},{"ancestorTitles":[],"duration":3,"failureDetails":[],"failureMessages":[],"fullName":"hides button visually and to screenreaders","invocations":1,"location":null,"numPassingAsserts":2,"retryReasons":[],"status":"passed","title":"hides button visually and to screenreaders"},{"ancestorTitles":[],"duration":8,"failureDetails":[],"failureMessages":[],"fullName":"performs toggle callback on click","invocations":1,"location":null,"numPassingAsserts":1,"retryReasons":[],"status":"passed","title":"performs toggle callback on click"}],"endTime":1715799963261,"message":"","name":"/Users/agoff/Documents/workspace/epo-react-lib/packages/epo-react-lib/src/atomic/ExpandToggle/ExpandToggle.test.tsx","startTime":1715799962960,"status":"passed","summary":""},{"assertionResults":[{"ancestorTitles":["ProgessBar"],"duration":17,"failureDetails":[],"failureMessages":[],"fullName":"ProgessBar should bind min, max, and value to ARIA attributes","invocations":1,"location":null,"numPassingAsserts":3,"retryReasons":[],"status":"passed","title":"should bind min, max, and value to ARIA attributes"},{"ancestorTitles":["ProgessBar"],"duration":5,"failureDetails":[],"failureMessages":[],"fullName":"ProgessBar should display an alternate value if provided","invocations":1,"location":null,"numPassingAsserts":2,"retryReasons":[],"status":"passed","title":"should display an alternate value if provided"},{"ancestorTitles":["ProgessBar"],"duration":6,"failureDetails":[],"failureMessages":[],"fullName":"ProgessBar should keep the value within the min and max","invocations":1,"location":null,"numPassingAsserts":1,"retryReasons":[],"status":"passed","title":"should keep the value within the min and max"},{"ancestorTitles":["ProgessBar"],"duration":6,"failureDetails":[],"failureMessages":[],"fullName":"ProgessBar should be labelled by other elements","invocations":1,"location":null,"numPassingAsserts":1,"retryReasons":[],"status":"passed","title":"should be labelled by other elements"}],"endTime":1715799963316,"message":"","name":"/Users/agoff/Documents/workspace/epo-react-lib/packages/epo-react-lib/src/atomic/Progress/Bar/ProgressBar.test.tsx","startTime":1715799963050,"status":"passed","summary":""},{"assertionResults":[{"ancestorTitles":[],"duration":14,"failureDetails":[],"failureMessages":[],"fullName":"should attach url to src","invocations":1,"location":null,"numPassingAsserts":2,"retryReasons":[],"status":"passed","title":"should attach url to src"},{"ancestorTitles":[],"duration":3,"failureDetails":[],"failureMessages":[],"fullName":"should have accessible naming","invocations":1,"location":null,"numPassingAsserts":1,"retryReasons":[],"status":"passed","title":"should have accessible naming"},{"ancestorTitles":[],"duration":3,"failureDetails":[],"failureMessages":[],"fullName":"should have width and height attached","invocations":1,"location":null,"numPassingAsserts":2,"retryReasons":[],"status":"passed","title":"should have width and height attached"}],"endTime":1715799963445,"message":"","name":"/Users/agoff/Documents/workspace/epo-react-lib/packages/epo-react-lib/src/atomic/Image/Image.test.tsx","startTime":1715799963267,"status":"passed","summary":""},{"assertionResults":[{"ancestorTitles":[],"duration":14,"failureDetails":[],"failureMessages":[],"fullName":"attaches the video URL correctly","invocations":1,"location":null,"numPassingAsserts":2,"retryReasons":[],"status":"passed","title":"attaches the video URL correctly"}],"endTime":1715799963512,"message":"","name":"/Users/agoff/Documents/workspace/epo-react-lib/packages/epo-react-lib/src/atomic/Video/patterns/YouTube/YouTube.test.tsx","startTime":1715799963322,"status":"passed","summary":""},{"assertionResults":[{"ancestorTitles":[],"duration":14,"failureDetails":[],"failureMessages":[],"fullName":"should contain href and external link attrs","invocations":1,"location":null,"numPassingAsserts":4,"retryReasons":[],"status":"passed","title":"should contain href and external link attrs"},{"ancestorTitles":[],"duration":3,"failureDetails":[],"failureMessages":[],"fullName":"should contain href and no external link attrs","invocations":1,"location":null,"numPassingAsserts":4,"retryReasons":[],"status":"passed","title":"should contain href and no external link attrs"}],"endTime":1715799963653,"message":"","name":"/Users/agoff/Documents/workspace/epo-react-lib/packages/epo-react-lib/src/atomic/MixedLink/MixedLink.test.tsx","startTime":1715799963451,"status":"passed","summary":""},{"assertionResults":[{"ancestorTitles":["IconComposer"],"duration":13,"failureDetails":[],"failureMessages":[],"fullName":"IconComposer should contain an SVG if a valid icon is selected","invocations":1,"location":null,"numPassingAsserts":1,"retryReasons":[],"status":"passed","title":"should contain an SVG if a valid icon is selected"},{"ancestorTitles":["IconComposer"],"duration":2,"failureDetails":[],"failureMessages":[],"fullName":"IconComposer should override the default icons if custom are provided","invocations":1,"location":null,"numPassingAsserts":1,"retryReasons":[],"status":"passed","title":"should override the default icons if custom are provided"}],"endTime":1715799963722,"message":"","name":"/Users/agoff/Documents/workspace/epo-react-lib/packages/epo-react-lib/src/svg/IconComposer/IconComposer.test.tsx","startTime":1715799963521,"status":"passed","summary":""},{"assertionResults":[{"ancestorTitles":[],"duration":21,"failureDetails":[],"failureMessages":[],"fullName":"should attach a className and any ID's","invocations":1,"location":null,"numPassingAsserts":3,"retryReasons":[],"status":"passed","title":"should attach a className and any ID's"}],"endTime":1715799963869,"message":"","name":"/Users/agoff/Documents/workspace/epo-react-lib/packages/epo-react-lib/src/atomic/Toast/Toast.test.tsx","startTime":1715799963659,"status":"passed","summary":""},{"assertionResults":[{"ancestorTitles":["Input"],"duration":28,"failureDetails":[],"failureMessages":[],"fullName":"Input Inherits attr-shaped props as attrs","invocations":1,"location":null,"numPassingAsserts":3,"retryReasons":[],"status":"passed","title":"Inherits attr-shaped props as attrs"}],"endTime":1715799963961,"message":"","name":"/Users/agoff/Documents/workspace/epo-react-lib/packages/epo-react-lib/src/form/Input/Input.test.tsx","startTime":1715799963731,"status":"passed","summary":""},{"assertionResults":[{"ancestorTitles":[],"duration":16,"failureDetails":[],"failureMessages":[],"fullName":"should contain href","invocations":1,"location":null,"numPassingAsserts":2,"retryReasons":[],"status":"passed","title":"should contain href"}],"endTime":1715799964097,"message":"","name":"/Users/agoff/Documents/workspace/epo-react-lib/packages/epo-react-lib/src/atomic/ExternalLink/ExternalLink.test.tsx","startTime":1715799963876,"status":"passed","summary":""},{"assertionResults":[{"ancestorTitles":["Input"],"duration":16,"failureDetails":[],"failureMessages":[],"fullName":"Input Inherits attr-shaped props as attrs","invocations":1,"location":null,"numPassingAsserts":3,"retryReasons":[],"status":"passed","title":"Inherits attr-shaped props as attrs"},{"ancestorTitles":["Input"],"duration":22,"failureDetails":[],"failureMessages":[],"fullName":"Input Renders toggle icon","invocations":1,"location":null,"numPassingAsserts":1,"retryReasons":[],"status":"passed","title":"Renders toggle icon"},{"ancestorTitles":["Input"],"duration":16,"failureDetails":[],"failureMessages":[],"fullName":"Input Toggles password display","invocations":1,"location":null,"numPassingAsserts":1,"retryReasons":[],"status":"passed","title":"Toggles password display"}],"endTime":1715799965121,"message":"","name":"/Users/agoff/Documents/workspace/epo-react-lib/packages/epo-react-lib/src/form/Input/patterns/Password/Password.test.tsx","startTime":1715799963971,"status":"passed","summary":""},{"assertionResults":[{"ancestorTitles":["Slideout menu"],"duration":47,"failureDetails":[],"failureMessages":[],"fullName":"Slideout menu is visible when opened","invocations":1,"location":null,"numPassingAsserts":1,"retryReasons":[],"status":"passed","title":"is visible when opened"},{"ancestorTitles":["Slideout menu"],"duration":11,"failureDetails":[],"failureMessages":[],"fullName":"Slideout menu gives focus to the first menuitem","invocations":1,"location":null,"numPassingAsserts":1,"retryReasons":[],"status":"passed","title":"gives focus to the first menuitem"},{"ancestorTitles":["Slideout menu"],"duration":12,"failureDetails":[],"failureMessages":[],"fullName":"Slideout menu changes focus using arrow keys","invocations":1,"location":null,"numPassingAsserts":0,"retryReasons":[],"status":"passed","title":"changes focus using arrow keys"}],"endTime":1715799965803,"message":"","name":"/Users/agoff/Documents/workspace/epo-react-lib/packages/epo-react-lib/src/layout/SlideoutMenu/SlideoutMenu.test.tsx","startTime":1715799964104,"status":"passed","summary":""},{"assertionResults":[{"ancestorTitles":["MasonryGrid"],"duration":32,"failureDetails":[],"failureMessages":[],"fullName":"MasonryGrid renders children","invocations":1,"location":null,"numPassingAsserts":3,"retryReasons":[],"status":"passed","title":"renders children"},{"ancestorTitles":["MasonryGrid"],"duration":9,"failureDetails":[],"failureMessages":[],"fullName":"MasonryGrid renders videos with play icon","invocations":1,"location":null,"numPassingAsserts":1,"retryReasons":[],"status":"passed","title":"renders videos with play icon"}],"endTime":1715799965897,"message":"","name":"/Users/agoff/Documents/workspace/epo-react-lib/packages/epo-react-lib/src/layout/MasonryGrid/MasonryGrid.test.tsx","startTime":1715799965143,"status":"passed","summary":""},{"assertionResults":[{"ancestorTitles":["Carousel layout"],"duration":62,"failureDetails":[],"failureMessages":[],"fullName":"Carousel layout renders child slides, starting with first slide","invocations":1,"location":null,"numPassingAsserts":1,"retryReasons":[],"status":"passed","title":"renders child slides, starting with first slide"},{"ancestorTitles":["Carousel layout"],"duration":15,"failureDetails":[],"failureMessages":[],"fullName":"Carousel layout changes slides after clicking next","invocations":1,"location":null,"numPassingAsserts":1,"retryReasons":[],"status":"passed","title":"changes slides after clicking next"}],"endTime":1715799966420,"message":"","name":"/Users/agoff/Documents/workspace/epo-react-lib/packages/epo-react-lib/src/layout/Carousel/Carousel.test.tsx","startTime":1715799965820,"status":"passed","summary":""},{"assertionResults":[{"ancestorTitles":["BasicModal"],"duration":30,"failureDetails":[],"failureMessages":[],"fullName":"BasicModal should create a modal dialog","invocations":1,"location":null,"numPassingAsserts":2,"retryReasons":[],"status":"passed","title":"should create a modal dialog"},{"ancestorTitles":["BasicModal"],"duration":13,"failureDetails":[],"failureMessages":[],"fullName":"BasicModal should fire a callback on close","invocations":1,"location":null,"numPassingAsserts":1,"retryReasons":[],"status":"passed","title":"should fire a callback on close"}],"endTime":1715799966677,"message":"","name":"/Users/agoff/Documents/workspace/epo-react-lib/packages/epo-react-lib/src/layout/BasicModal/BasicModal.test.tsx","startTime":1715799966429,"status":"passed","summary":""},{"assertionResults":[{"ancestorTitles":["FormField"],"duration":17,"failureDetails":[],"failureMessages":[],"fullName":"FormField should label input element","invocations":1,"location":null,"numPassingAsserts":1,"retryReasons":[],"status":"passed","title":"should label input element"},{"ancestorTitles":["FormField"],"duration":15,"failureDetails":[],"failureMessages":[],"fullName":"FormField should attach error message","invocations":1,"location":null,"numPassingAsserts":1,"retryReasons":[],"status":"passed","title":"should attach error message"}],"endTime":1715799966925,"message":"","name":"/Users/agoff/Documents/workspace/epo-react-lib/packages/epo-react-lib/src/form/FormField/FormField.test.tsx","startTime":1715799966687,"status":"passed","summary":""},{"assertionResults":[{"ancestorTitles":["Switch"],"duration":22,"failureDetails":[],"failureMessages":[],"fullName":"Switch Inherits attr-shaped props as attrs","invocations":1,"location":null,"numPassingAsserts":4,"retryReasons":[],"status":"passed","title":"Inherits attr-shaped props as attrs"}],"endTime":1715799967152,"message":"","name":"/Users/agoff/Documents/workspace/epo-react-lib/packages/epo-react-lib/src/form/Switch/Switch.test.tsx","startTime":1715799966933,"status":"passed","summary":""},{"assertionResults":[{"ancestorTitles":["Container"],"duration":22,"failureDetails":[],"failureMessages":[],"fullName":"Container passes attrs","invocations":1,"location":null,"numPassingAsserts":4,"retryReasons":[],"status":"passed","title":"passes attrs"}],"endTime":1715799967920,"message":"","name":"/Users/agoff/Documents/workspace/epo-react-lib/packages/epo-react-lib/src/layout/Container/Container.test.tsx","startTime":1715799965905,"status":"passed","summary":""},{"assertionResults":[{"ancestorTitles":["FormButtons"],"duration":23,"failureDetails":[],"failureMessages":[],"fullName":"FormButtons Renders children in layout","invocations":1,"location":null,"numPassingAsserts":1,"retryReasons":[],"status":"passed","title":"Renders children in layout"}],"endTime":1715799968148,"message":"","name":"/Users/agoff/Documents/workspace/epo-react-lib/packages/epo-react-lib/src/form/FormButtons/FormButtons.test.tsx","startTime":1715799967932,"status":"passed","summary":""},{"assertionResults":[{"ancestorTitles":[],"duration":17,"failureDetails":[],"failureMessages":[],"fullName":"should render error message","invocations":1,"location":null,"numPassingAsserts":1,"retryReasons":[],"status":"passed","title":"should render error message"},{"ancestorTitles":[],"duration":1,"failureDetails":[],"failureMessages":[],"fullName":"should include screen reader text","invocations":1,"location":null,"numPassingAsserts":1,"retryReasons":[],"status":"passed","title":"should include screen reader text"}],"endTime":1715799968365,"message":"","name":"/Users/agoff/Documents/workspace/epo-react-lib/packages/epo-react-lib/src/form/Error/Error.test.tsx","startTime":1715799968160,"status":"passed","summary":""},{"assertionResults":[{"ancestorTitles":["TwitterButton"],"duration":12,"failureDetails":[],"failureMessages":[],"fullName":"TwitterButton renders screenreader text","invocations":1,"location":null,"numPassingAsserts":1,"retryReasons":[],"status":"passed","title":"renders screenreader text"},{"ancestorTitles":["TwitterButton"],"duration":10,"failureDetails":[],"failureMessages":[],"fullName":"TwitterButton renders icon","invocations":1,"location":null,"numPassingAsserts":1,"retryReasons":[],"status":"passed","title":"renders icon"}],"endTime":1715799968844,"message":"","name":"/Users/agoff/Documents/workspace/epo-react-lib/packages/epo-react-lib/src/atomic/Share/TwitterButton.test.tsx","startTime":1715799968374,"status":"passed","summary":""},{"assertionResults":[{"ancestorTitles":["SelectListbox"],"duration":23,"failureDetails":[],"failureMessages":[],"fullName":"SelectListbox should display a placeholder if no value is selected","invocations":1,"location":null,"numPassingAsserts":1,"retryReasons":[],"status":"passed","title":"should display a placeholder if no value is selected"},{"ancestorTitles":["SelectListbox"],"duration":9,"failureDetails":[],"failureMessages":[],"fullName":"SelectListbox should disable selection based on props","invocations":1,"location":null,"numPassingAsserts":1,"retryReasons":[],"status":"passed","title":"should disable selection based on props"},{"ancestorTitles":["SelectListbox"],"duration":23,"failureDetails":[],"failureMessages":[],"fullName":"SelectListbox should open a dropdown list if clicked","invocations":1,"location":null,"numPassingAsserts":1,"retryReasons":[],"status":"passed","title":"should open a dropdown list if clicked"},{"ancestorTitles":["SelectListbox"],"duration":9,"failureDetails":[],"failureMessages":[],"fullName":"SelectListbox should toggle the dropdown list if enter key, or space key pressed","invocations":1,"location":null,"numPassingAsserts":1,"retryReasons":[],"status":"passed","title":"should toggle the dropdown list if enter key, or space key pressed"},{"ancestorTitles":["SelectListbox"],"duration":23,"failureDetails":[],"failureMessages":[],"fullName":"SelectListbox should navigate the dropdown list options with arrow keys","invocations":1,"location":null,"numPassingAsserts":1,"retryReasons":[],"status":"passed","title":"should navigate the dropdown list options with arrow keys"},{"ancestorTitles":["SelectListbox"],"duration":45,"failureDetails":[],"failureMessages":[],"fullName":"SelectListbox should close the dropdown list on selection, escape key, and click outside","invocations":1,"location":null,"numPassingAsserts":3,"retryReasons":[],"status":"passed","title":"should close the dropdown list on selection, escape key, and click outside"},{"ancestorTitles":["SelectListbox"],"duration":30,"failureDetails":[],"failureMessages":[],"fullName":"SelectListbox should select an option on click, enter key, and space key and update the display","invocations":1,"location":null,"numPassingAsserts":3,"retryReasons":[],"status":"passed","title":"should select an option on click, enter key, and space key and update the display"},{"ancestorTitles":["SelectListbox"],"duration":20,"failureDetails":[],"failureMessages":[],"fullName":"SelectListbox should select multiple options if enabled","invocations":1,"location":null,"numPassingAsserts":4,"retryReasons":[],"status":"passed","title":"should select multiple options if enabled"}],"endTime":1715799968947,"message":"","name":"/Users/agoff/Documents/workspace/epo-react-lib/packages/epo-react-lib/src/form/SelectListbox/SelectListbox.test.tsx","startTime":1715799967159,"status":"passed","summary":""},{"assertionResults":[{"ancestorTitles":["FacebookButton"],"duration":11,"failureDetails":[],"failureMessages":[],"fullName":"FacebookButton renders screenreader text","invocations":1,"location":null,"numPassingAsserts":1,"retryReasons":[],"status":"passed","title":"renders screenreader text"},{"ancestorTitles":["FacebookButton"],"duration":8,"failureDetails":[],"failureMessages":[],"fullName":"FacebookButton renders icon","invocations":1,"location":null,"numPassingAsserts":1,"retryReasons":[],"status":"passed","title":"renders icon"}],"endTime":1715799969085,"message":"","name":"/Users/agoff/Documents/workspace/epo-react-lib/packages/epo-react-lib/src/atomic/Share/FacebookButton.test.tsx","startTime":1715799968852,"status":"passed","summary":""},{"assertionResults":[{"ancestorTitles":["EmailButton"],"duration":11,"failureDetails":[],"failureMessages":[],"fullName":"EmailButton renders screenreader text","invocations":1,"location":null,"numPassingAsserts":1,"retryReasons":[],"status":"passed","title":"renders screenreader text"},{"ancestorTitles":["EmailButton"],"duration":7,"failureDetails":[],"failureMessages":[],"fullName":"EmailButton renders icon","invocations":1,"location":null,"numPassingAsserts":1,"retryReasons":[],"status":"passed","title":"renders icon"}],"endTime":1715799969177,"message":"","name":"/Users/agoff/Documents/workspace/epo-react-lib/packages/epo-react-lib/src/atomic/Share/EmailButton.test.tsx","startTime":1715799968954,"status":"passed","summary":""},{"assertionResults":[{"ancestorTitles":["CopyUrlButton"],"duration":16,"failureDetails":[],"failureMessages":[],"fullName":"CopyUrlButton copies URL to the clipboard","invocations":1,"location":null,"numPassingAsserts":3,"retryReasons":[],"status":"passed","title":"copies URL to the clipboard"},{"ancestorTitles":["CopyUrlButton"],"duration":4,"failureDetails":[],"failureMessages":[],"fullName":"CopyUrlButton renders screenreader text","invocations":1,"location":null,"numPassingAsserts":1,"retryReasons":[],"status":"passed","title":"renders screenreader text"},{"ancestorTitles":["CopyUrlButton"],"duration":10,"failureDetails":[],"failureMessages":[],"fullName":"CopyUrlButton renders icon","invocations":1,"location":null,"numPassingAsserts":1,"retryReasons":[],"status":"passed","title":"renders icon"}],"endTime":1715799969325,"message":"","name":"/Users/agoff/Documents/workspace/epo-react-lib/packages/epo-react-lib/src/atomic/Share/CopyUrlButton.test.tsx","startTime":1715799969091,"status":"passed","summary":""},{"assertionResults":[{"ancestorTitles":["Slideout"],"duration":31,"failureDetails":[],"failureMessages":[],"fullName":"Slideout is visible when opened","invocations":1,"location":null,"numPassingAsserts":1,"retryReasons":[],"status":"passed","title":"is visible when opened"},{"ancestorTitles":["Slideout"],"duration":6,"failureDetails":[],"failureMessages":[],"fullName":"Slideout enters from the side selected","invocations":1,"location":null,"numPassingAsserts":1,"retryReasons":[],"status":"passed","title":"enters from the side selected"},{"ancestorTitles":["Slideout"],"duration":5,"failureDetails":[],"failureMessages":[],"fullName":"Slideout closes when Escape is pressed","invocations":1,"location":null,"numPassingAsserts":0,"retryReasons":[],"status":"passed","title":"closes when Escape is pressed"},{"ancestorTitles":["Slideout"],"duration":5,"failureDetails":[],"failureMessages":[],"fullName":"Slideout closes when clicked outside of content","invocations":1,"location":null,"numPassingAsserts":0,"retryReasons":[],"status":"passed","title":"closes when clicked outside of content"}],"endTime":1715799969457,"message":"","name":"/Users/agoff/Documents/workspace/epo-react-lib/packages/epo-react-lib/src/atomic/Slideout/Slideout.test.tsx","startTime":1715799969183,"status":"passed","summary":""},{"assertionResults":[{"ancestorTitles":[],"duration":18,"failureDetails":[],"failureMessages":[],"fullName":"should render caption if present","invocations":1,"location":null,"numPassingAsserts":2,"retryReasons":[],"status":"passed","title":"should render caption if present"}],"endTime":1715799969552,"message":"","name":"/Users/agoff/Documents/workspace/epo-react-lib/packages/epo-react-lib/src/atomic/Figure/Figure.test.tsx","startTime":1715799969334,"status":"passed","summary":""},{"assertionResults":[{"ancestorTitles":[],"duration":15,"failureDetails":[],"failureMessages":[],"fullName":"should pass a color prop to the swatch","invocations":1,"location":null,"numPassingAsserts":2,"retryReasons":[],"status":"passed","title":"should pass a color prop to the swatch"},{"ancestorTitles":[],"duration":2,"failureDetails":[],"failureMessages":[],"fullName":"should include screenreader text","invocations":1,"location":null,"numPassingAsserts":1,"retryReasons":[],"status":"passed","title":"should include screenreader text"}],"endTime":1715799969741,"message":"","name":"/Users/agoff/Documents/workspace/epo-react-lib/packages/epo-react-lib/src/atomic/ColorSwatch/ColorSwatch.test.tsx","startTime":1715799969462,"status":"passed","summary":""},{"assertionResults":[{"ancestorTitles":["CircularLoader"],"duration":27,"failureDetails":[],"failureMessages":[],"fullName":"CircularLoader Creates an accessible loader","invocations":1,"location":null,"numPassingAsserts":4,"retryReasons":[],"status":"passed","title":"Creates an accessible loader"},{"ancestorTitles":["CircularLoader"],"duration":10,"failureDetails":[],"failureMessages":[],"fullName":"CircularLoader Is visible based on props","invocations":1,"location":null,"numPassingAsserts":2,"retryReasons":[],"status":"passed","title":"Is visible based on props"}],"endTime":1715799969964,"message":"","name":"/Users/agoff/Documents/workspace/epo-react-lib/packages/epo-react-lib/src/atomic/CircularLoader/CircularLoader.test.tsx","startTime":1715799969560,"status":"passed","summary":""},{"assertionResults":[{"ancestorTitles":["Button"],"duration":10,"failureDetails":[],"failureMessages":[],"fullName":"Button Renders text","invocations":1,"location":null,"numPassingAsserts":1,"retryReasons":[],"status":"passed","title":"Renders text"},{"ancestorTitles":["Button"],"duration":2,"failureDetails":[],"failureMessages":[],"fullName":"Button Inherits attr-shaped props as attrs","invocations":1,"location":null,"numPassingAsserts":4,"retryReasons":[],"status":"passed","title":"Inherits attr-shaped props as attrs"},{"ancestorTitles":["Button"],"duration":11,"failureDetails":[],"failureMessages":[],"fullName":"Button Renders icon","invocations":1,"location":null,"numPassingAsserts":1,"retryReasons":[],"status":"passed","title":"Renders icon"}],"endTime":1715799970094,"message":"","name":"/Users/agoff/Documents/workspace/epo-react-lib/packages/epo-react-lib/src/atomic/Button/Button.test.tsx","startTime":1715799969759,"status":"passed","summary":""},{"assertionResults":[{"ancestorTitles":["Buttonish"],"duration":29,"failureDetails":[],"failureMessages":[],"fullName":"Buttonish Renders text and url","invocations":1,"location":null,"numPassingAsserts":2,"retryReasons":[],"status":"passed","title":"Renders text and url"},{"ancestorTitles":["Buttonish"],"duration":5,"failureDetails":[],"failureMessages":[],"fullName":"Buttonish Inherits attr-shaped props as attrs","invocations":1,"location":null,"numPassingAsserts":3,"retryReasons":[],"status":"passed","title":"Inherits attr-shaped props as attrs"}],"endTime":1715799970247,"message":"","name":"/Users/agoff/Documents/workspace/epo-react-lib/packages/epo-react-lib/src/atomic/Buttonish/Buttonish.test.tsx","startTime":1715799969971,"status":"passed","summary":""},{"assertionResults":[{"ancestorTitles":[],"duration":14,"failureDetails":[],"failureMessages":[],"fullName":"renders summary text and details","invocations":1,"location":null,"numPassingAsserts":3,"retryReasons":[],"status":"passed","title":"renders summary text and details"},{"ancestorTitles":[],"duration":4,"failureDetails":[],"failureMessages":[],"fullName":"renders opens on click","invocations":1,"location":null,"numPassingAsserts":0,"retryReasons":[],"status":"passed","title":"renders opens on click"},{"ancestorTitles":[],"duration":4,"failureDetails":[],"failureMessages":[],"fullName":"renders closes on second click","invocations":1,"location":null,"numPassingAsserts":0,"retryReasons":[],"status":"passed","title":"renders closes on second click"}],"endTime":1715799970348,"message":"","name":"/Users/agoff/Documents/workspace/epo-react-lib/packages/epo-react-lib/src/atomic/Accordion/Accordion.test.tsx","startTime":1715799970099,"status":"passed","summary":""},{"assertionResults":[{"ancestorTitles":["SimpleTable"],"duration":71,"failureDetails":[],"failureMessages":[],"fullName":"SimpleTable should create a description list","invocations":1,"location":null,"numPassingAsserts":1,"retryReasons":[],"status":"passed","title":"should create a description list"},{"ancestorTitles":["SimpleTable"],"duration":20,"failureDetails":[],"failureMessages":[],"fullName":"SimpleTable should render a list item for each row","invocations":1,"location":null,"numPassingAsserts":1,"retryReasons":[],"status":"passed","title":"should render a list item for each row"}],"endTime":1715799970523,"message":"","name":"/Users/agoff/Documents/workspace/epo-react-lib/packages/epo-react-lib/src/content-blocks/SimpleTable/SimpleTable.test.tsx","startTime":1715799970253,"status":"passed","summary":""},{"assertionResults":[{"ancestorTitles":["ComplexTable"],"duration":28,"failureDetails":[],"failureMessages":[],"fullName":"ComplexTable should create a table with a caption","invocations":1,"location":null,"numPassingAsserts":2,"retryReasons":[],"status":"passed","title":"should create a table with a caption"},{"ancestorTitles":["ComplexTable"],"duration":14,"failureDetails":[],"failureMessages":[],"fullName":"ComplexTable should render rows","invocations":1,"location":null,"numPassingAsserts":1,"retryReasons":[],"status":"passed","title":"should render rows"}],"endTime":1715799970588,"message":"","name":"/Users/agoff/Documents/workspace/epo-react-lib/packages/epo-react-lib/src/content-blocks/ComplexTable/ComplexTable.test.tsx","startTime":1715799970360,"status":"passed","summary":""}],"wasInterrupted":false}
