{"numFailedTestSuites":0,"numFailedTests":0,"numPassedTestSuites":20,"numPassedTests":62,"numPendingTestSuites":0,"numPendingTests":0,"numRuntimeErrorTestSuites":0,"numTodoTests":0,"numTotalTestSuites":20,"numTotalTests":62,"openHandles":[],"snapshot":{"added":0,"didUpdate":false,"failure":false,"filesAdded":0,"filesRemoved":0,"filesRemovedList":[],"filesUnmatched":0,"filesUpdated":0,"matched":0,"total":0,"unchecked":0,"uncheckedKeysByFile":[],"unmatched":0,"updated":0},"startTime":1715814365829,"success":true,"testResults":[{"assertionResults":[{"ancestorTitles":["PointSelector"],"duration":29,"failureDetails":[],"failureMessages":[],"fullName":"PointSelector should render a point for each object in the dataset","invocations":1,"location":null,"numPassingAsserts":1,"retryReasons":[],"status":"passed","title":"should render a point for each object in the dataset"},{"ancestorTitles":["PointSelector"],"duration":8,"failureDetails":[],"failureMessages":[],"fullName":"PointSelector should return the ID of the clicked object","invocations":1,"location":null,"numPassingAsserts":1,"retryReasons":[],"status":"passed","title":"should return the ID of the clicked object"}],"endTime":1715814368572,"message":"","name":"/Users/agoff/Documents/workspace/epo-react-lib/packages/epo-widget-lib/src/widgets/SourceSelector/PointSelector/PointSelector.test.tsx","startTime":1715814366368,"status":"passed","summary":""},{"assertionResults":[{"ancestorTitles":["ColorTool"],"duration":365,"failureDetails":[],"failureMessages":[],"fullName":"ColorTool should render an object description and select dropdown if multiple datasets are available","invocations":1,"location":null,"numPassingAsserts":2,"retryReasons":[],"status":"passed","title":"should render an object description and select dropdown if multiple datasets are available"},{"ancestorTitles":["ColorTool"],"duration":104,"failureDetails":[],"failureMessages":[],"fullName":"ColorTool should disable controls when isDisabled set","invocations":1,"location":null,"numPassingAsserts":8,"retryReasons":[],"status":"passed","title":"should disable controls when isDisabled set"},{"ancestorTitles":["ColorTool"],"duration":5,"failureDetails":[],"failureMessages":[],"fullName":"ColorTool should hide controls when isDisplayOnly set","invocations":1,"location":null,"numPassingAsserts":1,"retryReasons":[],"status":"passed","title":"should hide controls when isDisplayOnly set"},{"ancestorTitles":["ColorTool"],"duration":22,"failureDetails":[],"failureMessages":[],"fullName":"ColorTool should hide subtitle when hideSubtitle set","invocations":1,"location":null,"numPassingAsserts":1,"retryReasons":[],"status":"passed","title":"should hide subtitle when hideSubtitle set"}],"endTime":1715814369055,"message":"","name":"/Users/agoff/Documents/workspace/epo-react-lib/packages/epo-widget-lib/src/widgets/ColorTool/ColorTool.test.tsx","startTime":1715814366368,"status":"passed","summary":""},{"assertionResults":[{"ancestorTitles":["CameraFilter"],"duration":241,"failureDetails":[],"failureMessages":[],"fullName":"CameraFilter displays a table of camera filters and their spectrum for wide displays","invocations":1,"location":null,"numPassingAsserts":1,"retryReasons":[],"status":"passed","title":"displays a table of camera filters and their spectrum for wide displays"},{"ancestorTitles":["CameraFilter"],"duration":12,"failureDetails":[],"failureMessages":[],"fullName":"CameraFilter displays a list of camera filters and their spectrum for narrow displays","invocations":1,"location":null,"numPassingAsserts":1,"retryReasons":[],"status":"passed","title":"displays a list of camera filters and their spectrum for narrow displays"},{"ancestorTitles":["CameraFilter"],"duration":15,"failureDetails":[],"failureMessages":[],"fullName":"CameraFilter displays an image of the electromagnetic spectrum from ultraviolet to infrared","invocations":1,"location":null,"numPassingAsserts":1,"retryReasons":[],"status":"passed","title":"displays an image of the electromagnetic spectrum from ultraviolet to infrared"},{"ancestorTitles":["CameraFilter"],"duration":10,"failureDetails":[],"failureMessages":[],"fullName":"CameraFilter has callouts for visible light colors and their spectrum","invocations":1,"location":null,"numPassingAsserts":1,"retryReasons":[],"status":"passed","title":"has callouts for visible light colors and their spectrum"},{"ancestorTitles":["CameraFilter"],"duration":65,"failureDetails":[],"failureMessages":[],"fullName":"CameraFilter has a dropdown with options for each camera filter","invocations":1,"location":null,"numPassingAsserts":2,"retryReasons":[],"status":"passed","title":"has a dropdown with options for each camera filter"}],"endTime":1715814369160,"message":"","name":"/Users/agoff/Documents/workspace/epo-react-lib/packages/epo-widget-lib/src/widgets/CameraFilter/CameraFilter.test.tsx","startTime":1715814368585,"status":"passed","summary":""},{"assertionResults":[{"ancestorTitles":["Chart Base"],"duration":24,"failureDetails":[],"failureMessages":[],"fullName":"Chart Base should create a viewbox","invocations":1,"location":null,"numPassingAsserts":1,"retryReasons":[],"status":"passed","title":"should create a viewbox"},{"ancestorTitles":["Chart Base"],"duration":28,"failureDetails":[],"failureMessages":[],"fullName":"Chart Base should add labels","invocations":1,"location":null,"numPassingAsserts":3,"retryReasons":[],"status":"passed","title":"should add labels"}],"endTime":1715814369400,"message":"","name":"/Users/agoff/Documents/workspace/epo-react-lib/packages/epo-widget-lib/src/charts/Base/Base.test.tsx","startTime":1715814369174,"status":"passed","summary":""},{"assertionResults":[{"ancestorTitles":["SourceSelector"],"duration":181,"failureDetails":[],"failureMessages":[],"fullName":"SourceSelector should render sources into an SVG","invocations":1,"location":null,"numPassingAsserts":1,"retryReasons":[],"status":"passed","title":"should render sources into an SVG"},{"ancestorTitles":["SourceSelector"],"duration":16,"failureDetails":[],"failureMessages":[],"fullName":"SourceSelector should select a source when its point is clicked","invocations":1,"location":null,"numPassingAsserts":0,"retryReasons":[],"status":"passed","title":"should select a source when its point is clicked"},{"ancestorTitles":["SourceSelector"],"duration":20,"failureDetails":[],"failureMessages":[],"fullName":"SourceSelector should not make a selection when another SVG element is clicked","invocations":1,"location":null,"numPassingAsserts":1,"retryReasons":[],"status":"passed","title":"should not make a selection when another SVG element is clicked"},{"ancestorTitles":["SourceSelector"],"duration":6,"failureDetails":[],"failureMessages":[],"fullName":"SourceSelector should include elapsed time for alerts","invocations":1,"location":null,"numPassingAsserts":1,"retryReasons":[],"status":"passed","title":"should include elapsed time for alerts"}],"endTime":1715814369513,"message":"","name":"/Users/agoff/Documents/workspace/epo-react-lib/packages/epo-widget-lib/src/widgets/SourceSelector/SourceSelector.test.tsx","startTime":1715814369066,"status":"passed","summary":""},{"assertionResults":[{"ancestorTitles":["Blinker"],"duration":50,"failureDetails":[],"failureMessages":[],"fullName":"Blinker Blinker renders with required props","invocations":1,"location":null,"numPassingAsserts":2,"retryReasons":[],"status":"passed","title":"Blinker renders with required props"},{"ancestorTitles":["Blinker"],"duration":6,"failureDetails":[],"failureMessages":[],"fullName":"Blinker Controls call callback","invocations":1,"location":null,"numPassingAsserts":0,"retryReasons":[],"status":"passed","title":"Controls call callback"},{"ancestorTitles":["Blinker"],"duration":2,"failureDetails":[],"failureMessages":[],"fullName":"Blinker Single image does not show controls","invocations":1,"location":null,"numPassingAsserts":1,"retryReasons":[],"status":"passed","title":"Single image does not show controls"}],"endTime":1715814369677,"message":"","name":"/Users/agoff/Documents/workspace/epo-react-lib/packages/epo-widget-lib/src/atomic/Blinker/Blinker.test.tsx","startTime":1715814369421,"status":"passed","summary":""},{"assertionResults":[{"ancestorTitles":["Filter Tool"],"duration":90,"failureDetails":[],"failureMessages":[],"fullName":"Filter Tool Renders only the pre-selected filters","invocations":1,"location":null,"numPassingAsserts":4,"retryReasons":[],"status":"passed","title":"Renders only the pre-selected filters"},{"ancestorTitles":["Filter Tool"],"duration":51,"failureDetails":[],"failureMessages":[],"fullName":"Filter Tool Changes displayed rays based on user selection","invocations":1,"location":null,"numPassingAsserts":5,"retryReasons":[],"status":"passed","title":"Changes displayed rays based on user selection"}],"endTime":1715814369854,"message":"","name":"/Users/agoff/Documents/workspace/epo-react-lib/packages/epo-widget-lib/src/widgets/FilterTool/FilterTool.test.tsx","startTime":1715814369520,"status":"passed","summary":""},{"assertionResults":[{"ancestorTitles":["Y Axis"],"duration":19,"failureDetails":[],"failureMessages":[],"fullName":"Y Axis should render some ticks","invocations":1,"location":null,"numPassingAsserts":1,"retryReasons":[],"status":"passed","title":"should render some ticks"},{"ancestorTitles":["Y Axis"],"duration":3,"failureDetails":[],"failureMessages":[],"fullName":"Y Axis should format the values in their label","invocations":1,"location":null,"numPassingAsserts":1,"retryReasons":[],"status":"passed","title":"should format the values in their label"}],"endTime":1715814369908,"message":"","name":"/Users/agoff/Documents/workspace/epo-react-lib/packages/epo-widget-lib/src/charts/YAxis/YAxis.test.tsx","startTime":1715814369684,"status":"passed","summary":""},{"assertionResults":[{"ancestorTitles":["ImageStack"],"duration":89,"failureDetails":[],"failureMessages":[],"fullName":"ImageStack Renders an element for each element of the image prop array","invocations":1,"location":null,"numPassingAsserts":1,"retryReasons":[],"status":"passed","title":"Renders an element for each element of the image prop array"},{"ancestorTitles":["ImageStack"],"duration":16,"failureDetails":[],"failureMessages":[],"fullName":"ImageStack Sets the current active index image visible","invocations":1,"location":null,"numPassingAsserts":1,"retryReasons":[],"status":"passed","title":"Sets the current active index image visible"},{"ancestorTitles":["ImageStack"],"duration":20,"failureDetails":[],"failureMessages":[],"fullName":"ImageStack Sets multiple images visible","invocations":1,"location":null,"numPassingAsserts":8,"retryReasons":[],"status":"passed","title":"Sets multiple images visible"},{"ancestorTitles":["ImageStack"],"duration":6,"failureDetails":[],"failureMessages":[],"fullName":"ImageStack Makes a callback when images have finished loading","invocations":1,"location":null,"numPassingAsserts":1,"retryReasons":[],"status":"passed","title":"Makes a callback when images have finished loading"},{"ancestorTitles":["ImageStack"],"duration":5,"failureDetails":[],"failureMessages":[],"fullName":"ImageStack Exposes a single image to screen readers, with an accessible description","invocations":1,"location":null,"numPassingAsserts":2,"retryReasons":[],"status":"passed","title":"Exposes a single image to screen readers, with an accessible description"}],"endTime":1715814370240,"message":"","name":"/Users/agoff/Documents/workspace/epo-react-lib/packages/epo-widget-lib/src/atomic/ImageStack/ImageStack.test.tsx","startTime":1715814369860,"status":"passed","summary":""},{"assertionResults":[{"ancestorTitles":["FilterControls"],"duration":41,"failureDetails":[],"failureMessages":[],"fullName":"FilterControls should create accessible controls","invocations":1,"location":null,"numPassingAsserts":2,"retryReasons":[],"status":"passed","title":"should create accessible controls"},{"ancestorTitles":["FilterControls"],"duration":27,"failureDetails":[],"failureMessages":[],"fullName":"FilterControls should disable controls","invocations":1,"location":null,"numPassingAsserts":3,"retryReasons":[],"status":"passed","title":"should disable controls"},{"ancestorTitles":["FilterControls"],"duration":13,"failureDetails":[],"failureMessages":[],"fullName":"FilterControls should call callback on modification","invocations":1,"location":null,"numPassingAsserts":1,"retryReasons":[],"status":"passed","title":"should call callback on modification"}],"endTime":1715814370289,"message":"","name":"/Users/agoff/Documents/workspace/epo-react-lib/packages/epo-widget-lib/src/widgets/ColorTool/FilterControls/FilterControls.test.tsx","startTime":1715814369915,"status":"passed","summary":""},{"assertionResults":[{"ancestorTitles":["X Axis"],"duration":17,"failureDetails":[],"failureMessages":[],"fullName":"X Axis should render some ticks","invocations":1,"location":null,"numPassingAsserts":1,"retryReasons":[],"status":"passed","title":"should render some ticks"},{"ancestorTitles":["X Axis"],"duration":2,"failureDetails":[],"failureMessages":[],"fullName":"X Axis should format the values in their label","invocations":1,"location":null,"numPassingAsserts":1,"retryReasons":[],"status":"passed","title":"should format the values in their label"}],"endTime":1715814370462,"message":"","name":"/Users/agoff/Documents/workspace/epo-react-lib/packages/epo-widget-lib/src/charts/XAxis/XAxis.test.tsx","startTime":1715814370249,"status":"passed","summary":""},{"assertionResults":[{"ancestorTitles":["BlinkerControls"],"duration":12,"failureDetails":[],"failureMessages":[],"fullName":"BlinkerControls Controls calls callback when Start/Stop is clicked","invocations":1,"location":null,"numPassingAsserts":1,"retryReasons":[],"status":"passed","title":"Controls calls callback when Start/Stop is clicked"},{"ancestorTitles":["BlinkerControls"],"duration":3,"failureDetails":[],"failureMessages":[],"fullName":"BlinkerControls Controls calls callback when Forward is clicked","invocations":1,"location":null,"numPassingAsserts":1,"retryReasons":[],"status":"passed","title":"Controls calls callback when Forward is clicked"},{"ancestorTitles":["BlinkerControls"],"duration":2,"failureDetails":[],"failureMessages":[],"fullName":"BlinkerControls Controls calls callback when Backward is clicked","invocations":1,"location":null,"numPassingAsserts":1,"retryReasons":[],"status":"passed","title":"Controls calls callback when Backward is clicked"}],"endTime":1715814370496,"message":"","name":"/Users/agoff/Documents/workspace/epo-react-lib/packages/epo-widget-lib/src/atomic/Blinker/Controls/Controls.test.tsx","startTime":1715814370302,"status":"passed","summary":""},{"assertionResults":[{"ancestorTitles":["Path from points"],"duration":8,"failureDetails":[],"failureMessages":[],"fullName":"Path from points should create a path from points","invocations":1,"location":null,"numPassingAsserts":1,"retryReasons":[],"status":"passed","title":"should create a path from points"},{"ancestorTitles":["Path from points"],"duration":1,"failureDetails":[],"failureMessages":[],"fullName":"Path from points should attach passed props","invocations":1,"location":null,"numPassingAsserts":2,"retryReasons":[],"status":"passed","title":"should attach passed props"},{"ancestorTitles":["Path from points"],"duration":1,"failureDetails":[],"failureMessages":[],"fullName":"Path from points should not render if points not provided","invocations":1,"location":null,"numPassingAsserts":1,"retryReasons":[],"status":"passed","title":"should not render if points not provided"}],"endTime":1715814370638,"message":"","name":"/Users/agoff/Documents/workspace/epo-react-lib/packages/epo-widget-lib/src/charts/PathFromPoints/PathFromPoints.test.tsx","startTime":1715814370472,"status":"passed","summary":""},{"assertionResults":[{"ancestorTitles":["ElapsedTime"],"duration":19,"failureDetails":[],"failureMessages":[],"fullName":"ElapsedTime should render an accessible title","invocations":1,"location":null,"numPassingAsserts":2,"retryReasons":[],"status":"passed","title":"should render an accessible title"},{"ancestorTitles":["ElapsedTime"],"duration":3,"failureDetails":[],"failureMessages":[],"fullName":"ElapsedTime should attach an elapsed datetime string","invocations":1,"location":null,"numPassingAsserts":1,"retryReasons":[],"status":"passed","title":"should attach an elapsed datetime string"}],"endTime":1715814370686,"message":"","name":"/Users/agoff/Documents/workspace/epo-react-lib/packages/epo-widget-lib/src/atomic/ElapsedTime/ElapsedTime.test.tsx","startTime":1715814370505,"status":"passed","summary":""},{"assertionResults":[{"ancestorTitles":["Message"],"duration":18,"failureDetails":[],"failureMessages":[],"fullName":"Message should be visible if isVisible is set","invocations":1,"location":null,"numPassingAsserts":3,"retryReasons":[],"status":"passed","title":"should be visible if isVisible is set"}],"endTime":1715814370836,"message":"","name":"/Users/agoff/Documents/workspace/epo-react-lib/packages/epo-widget-lib/src/widgets/SourceSelector/Message/Message.test.tsx","startTime":1715814370646,"status":"passed","summary":""},{"assertionResults":[{"ancestorTitles":["Point"],"duration":14,"failureDetails":[],"failureMessages":[],"fullName":"Point should populate cx, cy, and r attributes","invocations":1,"location":null,"numPassingAsserts":3,"retryReasons":[],"status":"passed","title":"should populate cx, cy, and r attributes"}],"endTime":1715814370884,"message":"","name":"/Users/agoff/Documents/workspace/epo-react-lib/packages/epo-widget-lib/src/widgets/SourceSelector/Point/Point.test.tsx","startTime":1715814370697,"status":"passed","summary":""},{"assertionResults":[{"ancestorTitles":["getFilters"],"duration":1,"failureDetails":[],"failureMessages":[],"fullName":"getFilters should return a valid CSS filter string","invocations":1,"location":null,"numPassingAsserts":2,"retryReasons":[],"status":"passed","title":"should return a valid CSS filter string"}],"endTime":1715814370936,"message":"","name":"/Users/agoff/Documents/workspace/epo-react-lib/packages/epo-widget-lib/src/widgets/ColorTool/lib/canvas.test.ts","startTime":1715814370844,"status":"passed","summary":""},{"assertionResults":[{"ancestorTitles":["getLinearScale"],"duration":0,"failureDetails":[],"failureMessages":[],"fullName":"getLinearScale should return a method","invocations":1,"location":null,"numPassingAsserts":1,"retryReasons":[],"status":"passed","title":"should return a method"},{"ancestorTitles":["getLinearScale"],"duration":1,"failureDetails":[],"failureMessages":[],"fullName":"getLinearScale should scale values in domain to new range","invocations":1,"location":null,"numPassingAsserts":3,"retryReasons":[],"status":"passed","title":"should scale values in domain to new range"},{"ancestorTitles":["getClampedArrayIndex"],"duration":0,"failureDetails":[],"failureMessages":[],"fullName":"getClampedArrayIndex should return 0 when greater than the final index","invocations":1,"location":null,"numPassingAsserts":1,"retryReasons":[],"status":"passed","title":"should return 0 when greater than the final index"},{"ancestorTitles":["getClampedArrayIndex"],"duration":0,"failureDetails":[],"failureMessages":[],"fullName":"getClampedArrayIndex should return the final index when less than 0","invocations":1,"location":null,"numPassingAsserts":1,"retryReasons":[],"status":"passed","title":"should return the final index when less than 0"},{"ancestorTitles":["getClampedArrayIndex"],"duration":0,"failureDetails":[],"failureMessages":[],"fullName":"getClampedArrayIndex should return the index if within range","invocations":1,"location":null,"numPassingAsserts":1,"retryReasons":[],"status":"passed","title":"should return the index if within range"},{"ancestorTitles":["between"],"duration":0,"failureDetails":[],"failureMessages":[],"fullName":"between should return true when a value is between two other values","invocations":1,"location":null,"numPassingAsserts":1,"retryReasons":[],"status":"passed","title":"should return true when a value is between two other values"},{"ancestorTitles":["between"],"duration":1,"failureDetails":[],"failureMessages":[],"fullName":"between should return false when a value is outside two other values","invocations":1,"location":null,"numPassingAsserts":1,"retryReasons":[],"status":"passed","title":"should return false when a value is outside two other values"},{"ancestorTitles":["intersection"],"duration":3,"failureDetails":[],"failureMessages":[],"fullName":"intersection should return the intersection of two overlapping arrays","invocations":1,"location":null,"numPassingAsserts":2,"retryReasons":[],"status":"passed","title":"should return the intersection of two overlapping arrays"},{"ancestorTitles":["intersection"],"duration":0,"failureDetails":[],"failureMessages":[],"fullName":"intersection should return null if there is no overlap","invocations":1,"location":null,"numPassingAsserts":1,"retryReasons":[],"status":"passed","title":"should return null if there is no overlap"},{"ancestorTitles":["mergeWithDefaults"],"duration":1,"failureDetails":[],"failureMessages":[],"fullName":"mergeWithDefaults should overwrite the defaults if value is available","invocations":1,"location":null,"numPassingAsserts":2,"retryReasons":[],"status":"passed","title":"should overwrite the defaults if value is available"},{"ancestorTitles":["mergeWithDefaults"],"duration":0,"failureDetails":[],"failureMessages":[],"fullName":"mergeWithDefaults should use defaults if value is null","invocations":1,"location":null,"numPassingAsserts":2,"retryReasons":[],"status":"passed","title":"should use defaults if value is null"},{"ancestorTitles":["mergeWithDefaults"],"duration":1,"failureDetails":[],"failureMessages":[],"fullName":"mergeWithDefaults should use defaults if value is undefined","invocations":1,"location":null,"numPassingAsserts":2,"retryReasons":[],"status":"passed","title":"should use defaults if value is undefined"}],"endTime":1715814370996,"message":"","name":"/Users/agoff/Documents/workspace/epo-react-lib/packages/epo-widget-lib/src/lib/utils.test.ts","startTime":1715814370892,"status":"passed","summary":""},{"assertionResults":[{"ancestorTitles":["gaussianBump"],"duration":0,"failureDetails":[],"failureMessages":[],"fullName":"gaussianBump should apply a Gaussian bump","invocations":1,"location":null,"numPassingAsserts":1,"retryReasons":[],"status":"passed","title":"should apply a Gaussian bump"},{"ancestorTitles":["exponentialRise"],"duration":0,"failureDetails":[],"failureMessages":[],"fullName":"exponentialRise should apply an exponential rise to a magnitude","invocations":1,"location":null,"numPassingAsserts":1,"retryReasons":[],"status":"passed","title":"should apply an exponential rise to a magnitude"},{"ancestorTitles":["estimateMagnitudeWithOffset"],"duration":0,"failureDetails":[],"failureMessages":[],"fullName":"estimateMagnitudeWithOffset should return an estimated magnitude","invocations":1,"location":null,"numPassingAsserts":2,"retryReasons":[],"status":"passed","title":"should return an estimated magnitude"}],"endTime":1715814371038,"message":"","name":"/Users/agoff/Documents/workspace/epo-react-lib/packages/epo-widget-lib/src/widgets/LightCurvePlot/helpers.test.ts","startTime":1715814370955,"status":"passed","summary":""},{"assertionResults":[{"ancestorTitles":["timestampFromMJD"],"duration":1,"failureDetails":[],"failureMessages":[],"fullName":"timestampFromMJD should return a Unix timestamp from MJD","invocations":1,"location":null,"numPassingAsserts":2,"retryReasons":[],"status":"passed","title":"should return a Unix timestamp from MJD"},{"ancestorTitles":["mjdFromTimestamp"],"duration":0,"failureDetails":[],"failureMessages":[],"fullName":"mjdFromTimestamp should return a Modified Julian Date from a Unix timestamp","invocations":1,"location":null,"numPassingAsserts":2,"retryReasons":[],"status":"passed","title":"should return a Modified Julian Date from a Unix timestamp"}],"endTime":1715814371116,"message":"","name":"/Users/agoff/Documents/workspace/epo-react-lib/packages/epo-widget-lib/src/lib/helpers.test.ts","startTime":1715814371005,"status":"passed","summary":""}],"wasInterrupted":false}
